<?xml version="1.0" encoding="UTF-8"?>
<!-- Generated by org.testng.reporters.JUnitReportReporter -->
<testsuite hostname="DESKTOP-1U8B136" failures="0" tests="1" name="com.vtiger.comcast.organisationtest.PageTitle" time="9.475" errors="0" timestamp="2021-08-25T11:35:22 IST" skipped="0">
  <testcase classname="com.vtiger.comcast.organisationtest.PageTitle" name="PageTitle" time="9.475"/>
  <system-out/>
</testsuite> <!-- com.vtiger.comcast.organisationtest.PageTitle -->
