<?xml version="1.0" encoding="UTF-8"?>
<!-- Generated by org.testng.reporters.JUnitReportReporter -->
<testsuite hostname="DESKTOP-1U8B136" failures="0" tests="2" name="com.vtiger.comcast.organisationtest.SearchOrgByTestNG1" time="56.424" errors="0" timestamp="2021-08-27T10:48:40 IST" skipped="0">
  <testcase classname="com.vtiger.comcast.organisationtest.SearchOrgByTestNG1" name="SearchOrgByPhone_TC_28" time="46.270"/>
  <system-out/>
  <testcase classname="com.vtiger.comcast.organisationtest.SearchOrgByTestNG1" name="SearchOrgByWebsiteTest" time="10.154"/>
  <system-out/>
</testsuite> <!-- com.vtiger.comcast.organisationtest.SearchOrgByTestNG1 -->
