<?xml version="1.0" encoding="UTF-8"?>
<!-- Generated by org.testng.reporters.JUnitReportReporter -->
<testsuite hostname="DESKTOP-1U8B136" failures="0" tests="1" name="com.vtiger.comcast.organisationtest.SearchOrgByTestNG" time="21.951" errors="0" timestamp="2021-08-24T17:46:38 IST" skipped="0">
  <testcase classname="com.vtiger.comcast.organisationtest.SearchOrgByTestNG" name="SearchOrgByTestNG" time="21.951"/>
  <system-out/>
</testsuite> <!-- com.vtiger.comcast.organisationtest.SearchOrgByTestNG -->
